Flow report for lab6
Fri Jun 11 16:47:33 2021
Quartus II 64-Bit Version 13.0.0 Build 156 04/24/2013 SJ Full Version


---------------------
; Table of Contents ;
---------------------
  1. Legal Notice
  2. Flow Summary
  3. Flow Settings
  4. Flow Non-Default Global Settings
  5. Flow Elapsed Time
  6. Flow OS Summary
  7. Flow Log
  8. Flow Messages
  9. Flow Suppressed Messages



----------------
; Legal Notice ;
----------------
Copyright (C) 1991-2013 Altera Corporation
Your use of Altera Corporation's design tools, logic functions 
and other software and tools, and its AMPP partner logic 
functions, and any output files from any of the foregoing 
(including device programming or simulation files), and any 
associated documentation or information are expressly subject 
to the terms and conditions of the Altera Program License 
Subscription Agreement, Altera MegaCore Function License 
Agreement, or other applicable license agreement, including, 
without limitation, that your use is for the sole purpose of 
programming logic devices manufactured by Altera and sold by 
Altera or its authorized distributors.  Please refer to the 
applicable agreement for further details.



+----------------------------------------------------------------------------------+
; Flow Summary                                                                     ;
+------------------------------------+---------------------------------------------+
; Flow Status                        ; Successful - Fri Jun 11 16:47:33 2021       ;
; Quartus II 64-Bit Version          ; 13.0.0 Build 156 04/24/2013 SJ Full Version ;
; Revision Name                      ; lab6                                        ;
; Top-level Entity Name              ; lab6                                        ;
; Family                             ; Cyclone II                                  ;
; Device                             ; EP2C5Q208C8                                 ;
; Timing Models                      ; Final                                       ;
; Total logic elements               ; 16 / 4,608 ( < 1 % )                        ;
;     Total combinational functions  ; 5 / 4,608 ( < 1 % )                         ;
;     Dedicated logic registers      ; 13 / 4,608 ( < 1 % )                        ;
; Total registers                    ; 13                                          ;
; Total pins                         ; 3 / 142 ( 2 % )                             ;
; Total virtual pins                 ; 0                                           ;
; Total memory bits                  ; 0 / 119,808 ( 0 % )                         ;
; Embedded Multiplier 9-bit elements ; 0 / 26 ( 0 % )                              ;
; Total PLLs                         ; 0 / 2 ( 0 % )                               ;
+------------------------------------+---------------------------------------------+


+-----------------------------------------+
; Flow Settings                           ;
+-------------------+---------------------+
; Option            ; Setting             ;
+-------------------+---------------------+
; Start date & time ; 06/11/2021 16:47:22 ;
; Main task         ; Compilation         ;
; Revision Name     ; lab6                ;
+-------------------+---------------------+


+----------------------------------------------------------------------------------------------------------------------+
; Flow Non-Default Global Settings                                                                                     ;
+-------------------------------------+---------------------------------+---------------+-------------+----------------+
; Assignment Name                     ; Value                           ; Default Value ; Entity Name ; Section Id     ;
+-------------------------------------+---------------------------------+---------------+-------------+----------------+
; COMPILER_SIGNATURE_ID               ; 172056106697410.162340124116660 ; --            ; --          ; --             ;
; EDA_OUTPUT_DATA_FORMAT              ; Verilog Hdl                     ; --            ; --          ; eda_simulation ;
; EDA_SIMULATION_TOOL                 ; ModelSim-Altera (Verilog)       ; <None>        ; --          ; --             ;
; MAX_CORE_JUNCTION_TEMP              ; 85                              ; --            ; --          ; --             ;
; MIN_CORE_JUNCTION_TEMP              ; 0                               ; --            ; --          ; --             ;
; PARTITION_COLOR                     ; 16764057                        ; --            ; --          ; Top            ;
; PARTITION_FITTER_PRESERVATION_LEVEL ; PLACEMENT_AND_ROUTING           ; --            ; --          ; Top            ;
; PARTITION_NETLIST_TYPE              ; SOURCE                          ; --            ; --          ; Top            ;
; PROJECT_OUTPUT_DIRECTORY            ; output_files                    ; --            ; --          ; --             ;
+-------------------------------------+---------------------------------+---------------+-------------+----------------+


+-------------------------------------------------------------------------------------------------------------------------------+
; Flow Elapsed Time                                                                                                             ;
+---------------------------+--------------+-------------------------+---------------------+------------------------------------+
; Module Name               ; Elapsed Time ; Average Processors Used ; Peak Virtual Memory ; Total CPU Time (on all processors) ;
+---------------------------+--------------+-------------------------+---------------------+------------------------------------+
; Analysis & Synthesis      ; 00:00:01     ; 1.0                     ; 4599 MB             ; 00:00:01                           ;
; Fitter                    ; 00:00:04     ; 1.0                     ; 5377 MB             ; 00:00:05                           ;
; Assembler                 ; 00:00:02     ; 1.0                     ; 4557 MB             ; 00:00:01                           ;
; TimeQuest Timing Analyzer ; 00:00:02     ; 1.0                     ; 4581 MB             ; 00:00:01                           ;
; EDA Netlist Writer        ; 00:00:00     ; 1.0                     ; 4528 MB             ; 00:00:01                           ;
; Total                     ; 00:00:09     ; --                      ; --                  ; 00:00:09                           ;
+---------------------------+--------------+-------------------------+---------------------+------------------------------------+


+----------------------------------------------------------------------------------------+
; Flow OS Summary                                                                        ;
+---------------------------+------------------+-----------+------------+----------------+
; Module Name               ; Machine Hostname ; OS Name   ; OS Version ; Processor type ;
+---------------------------+------------------+-----------+------------+----------------+
; Analysis & Synthesis      ; LZY-laptop       ; Windows 7 ; 6.2        ; x86_64         ;
; Fitter                    ; LZY-laptop       ; Windows 7 ; 6.2        ; x86_64         ;
; Assembler                 ; LZY-laptop       ; Windows 7 ; 6.2        ; x86_64         ;
; TimeQuest Timing Analyzer ; LZY-laptop       ; Windows 7 ; 6.2        ; x86_64         ;
; EDA Netlist Writer        ; LZY-laptop       ; Windows 7 ; 6.2        ; x86_64         ;
+---------------------------+------------------+-----------+------------+----------------+


------------
; Flow Log ;
------------
quartus_map --read_settings_files=on --write_settings_files=off lab6 -c lab6
quartus_fit --read_settings_files=off --write_settings_files=off lab6 -c lab6
quartus_asm --read_settings_files=off --write_settings_files=off lab6 -c lab6
quartus_sta lab6 -c lab6
quartus_eda --read_settings_files=off --write_settings_files=off lab6 -c lab6



